# Logfile created on 2015-03-25 22:14:14 -0500 by logger.rb/1.2.8
[0;31;49m[Important] YUICompressor requires java to be installed. The JAVA_HOME variable should also be set.
[0m
[0;97;49mStarted GET "/" at 2015-03-25 22:14:34 -0500[0m
Detecting locale EN
Found page "Home page" [index]
  Rendered liquid page template
[0;32;49mCompleted 200 OK in 1.9ms

[0m
The API key is invalid. (401)
unable to get an API token: The API key is invalid. (401)
["/Users/brennan/.rvm/rubies/ruby-2.1.0/lib/ruby/gems/2.1.0/gems/locomotivecms_mounter-1.5.2/lib/locomotive/mounter/models/content_entry.rb:203:in `method_missing'", "/Users/brennan/.rvm/rubies/ruby-2.1.0/lib/ruby/gems/2.1.0/gems/locomotivecms_mounter-1.5.2/lib/locomotive/mounter/models/content_type.rb:80:in `block (2 levels) in build_entry'", "/Users/brennan/.rvm/rubies/ruby-2.1.0/lib/ruby/gems/2.1.0/gems/locomotivecms_mounter-1.5.2/lib/locomotive/mounter/models/content_type.rb:73:in `each'", "/Users/brennan/.rvm/rubies/ruby-2.1.0/lib/ruby/gems/2.1.0/gems/locomotivecms_mounter-1.5.2/lib/locomotive/mounter/models/content_type.rb:73:in `block in build_entry'", "/Users/brennan/.rvm/rubies/ruby-2.1.0/lib/ruby/gems/2.1.0/gems/locomotivecms_mounter-1.5.2/lib/locomotive/mounter/models/content_type.rb:68:in `tap'", "/Users/brennan/.rvm/rubies/ruby-2.1.0/lib/ruby/gems/2.1.0/gems/locomotivecms_mounter-1.5.2/lib/locomotive/mounter/models/content_type.rb:68:in `build_entry'", "/Users/brennan/.rvm/rubies/ruby-2.1.0/lib/ruby/gems/2.1.0/gems/locomotivecms_mounter-1.5.2/lib/locomotive/mounter/reader/file_system/content_entries_reader.rb:75:in `add'", "/Users/brennan/.rvm/rubies/ruby-2.1.0/lib/ruby/gems/2.1.0/gems/locomotivecms_mounter-1.5.2/lib/locomotive/mounter/reader/file_system/content_entries_reader.rb:29:in `block (2 levels) in fetch_from_filesystem'", "/Users/brennan/.rvm/rubies/ruby-2.1.0/lib/ruby/gems/2.1.0/gems/locomotivecms_mounter-1.5.2/lib/locomotive/mounter/reader/file_system/content_entries_reader.rb:28:in `each'", "/Users/brennan/.rvm/rubies/ruby-2.1.0/lib/ruby/gems/2.1.0/gems/locomotivecms_mounter-1.5.2/lib/locomotive/mounter/reader/file_system/content_entries_reader.rb:28:in `each_with_index'", "/Users/brennan/.rvm/rubies/ruby-2.1.0/lib/ruby/gems/2.1.0/gems/locomotivecms_mounter-1.5.2/lib/locomotive/mounter/reader/file_system/content_entries_reader.rb:28:in `block in fetch_from_filesystem'", "/Users/brennan/.rvm/rubies/ruby-2.1.0/lib/ruby/gems/2.1.0/gems/locomotivecms_mounter-1.5.2/lib/locomotive/mounter/reader/file_system/content_entries_reader.rb:21:in `each'", "/Users/brennan/.rvm/rubies/ruby-2.1.0/lib/ruby/gems/2.1.0/gems/locomotivecms_mounter-1.5.2/lib/locomotive/mounter/reader/file_system/content_entries_reader.rb:21:in `fetch_from_filesystem'", "/Users/brennan/.rvm/rubies/ruby-2.1.0/lib/ruby/gems/2.1.0/gems/locomotivecms_mounter-1.5.2/lib/locomotive/mounter/reader/file_system/content_entries_reader.rb:13:in `read'", "/Users/brennan/.rvm/rubies/ruby-2.1.0/lib/ruby/gems/2.1.0/gems/locomotivecms_mounter-1.5.2/lib/locomotive/mounter/reader/runner.rb:76:in `block (2 levels) in build_mounting_point'", "/Users/brennan/.rvm/rubies/ruby-2.1.0/lib/ruby/gems/2.1.0/gems/locomotivecms_mounter-1.5.2/lib/locomotive/mounter/reader/runner.rb:73:in `each'", "/Users/brennan/.rvm/rubies/ruby-2.1.0/lib/ruby/gems/2.1.0/gems/locomotivecms_mounter-1.5.2/lib/locomotive/mounter/reader/runner.rb:73:in `block in build_mounting_point'", "/Users/brennan/.rvm/rubies/ruby-2.1.0/lib/ruby/gems/2.1.0/gems/locomotivecms_mounter-1.5.2/lib/locomotive/mounter/reader/runner.rb:70:in `tap'", "/Users/brennan/.rvm/rubies/ruby-2.1.0/lib/ruby/gems/2.1.0/gems/locomotivecms_mounter-1.5.2/lib/locomotive/mounter/reader/runner.rb:70:in `build_mounting_point'", "/Users/brennan/.rvm/rubies/ruby-2.1.0/lib/ruby/gems/2.1.0/gems/locomotivecms_mounter-1.5.2/lib/locomotive/mounter/reader/runner.rb:29:in `run!'", "/Users/brennan/.rvm/rubies/ruby-2.1.0/lib/ruby/gems/2.1.0/gems/locomotivecms_wagon-1.5.3/lib/locomotive/wagon.rb:262:in `require_mounter'", "/Users/brennan/.rvm/rubies/ruby-2.1.0/lib/ruby/gems/2.1.0/gems/locomotivecms_wagon-1.5.3/lib/locomotive/wagon.rb:159:in `push'", "/Users/brennan/.rvm/rubies/ruby-2.1.0/lib/ruby/gems/2.1.0/gems/locomotivecms_wagon-1.5.3/lib/locomotive/wagon/cli.rb:311:in `push'", "/Users/brennan/.rvm/rubies/ruby-2.1.0/lib/ruby/gems/2.1.0/gems/thor-0.19.1/lib/thor/command.rb:27:in `run'", "/Users/brennan/.rvm/rubies/ruby-2.1.0/lib/ruby/gems/2.1.0/gems/thor-0.19.1/lib/thor/invocation.rb:126:in `invoke_command'", "/Users/brennan/.rvm/rubies/ruby-2.1.0/lib/ruby/gems/2.1.0/gems/thor-0.19.1/lib/thor.rb:359:in `dispatch'", "/Users/brennan/.rvm/rubies/ruby-2.1.0/lib/ruby/gems/2.1.0/gems/thor-0.19.1/lib/thor/base.rb:440:in `start'", "/Users/brennan/.rvm/rubies/ruby-2.1.0/lib/ruby/gems/2.1.0/gems/locomotivecms_wagon-1.5.3/bin/wagon:12:in `<top (required)>'", "/Users/brennan/.rvm/rubies/ruby-2.1.0/bin/wagon:23:in `load'", "/Users/brennan/.rvm/rubies/ruby-2.1.0/bin/wagon:23:in `<main>'", "/Users/brennan/.rvm/gems/ruby-2.1.0/bin/ruby_executable_hooks:15:in `eval'", "/Users/brennan/.rvm/gems/ruby-2.1.0/bin/ruby_executable_hooks:15:in `<main>'"]
The 'posts' content type does not have a field named 'published_at'.
The 'posts' content type does not have a field named 'published_at'.
	/Users/brennan/.rvm/rubies/ruby-2.1.0/lib/ruby/gems/2.1.0/gems/locomotivecms_mounter-1.5.2/lib/locomotive/mounter/models/content_type.rb:86:in `rescue in block (2 levels) in build_entry'
	/Users/brennan/.rvm/rubies/ruby-2.1.0/lib/ruby/gems/2.1.0/gems/locomotivecms_mounter-1.5.2/lib/locomotive/mounter/models/content_type.rb:74:in `block (2 levels) in build_entry'
	/Users/brennan/.rvm/rubies/ruby-2.1.0/lib/ruby/gems/2.1.0/gems/locomotivecms_mounter-1.5.2/lib/locomotive/mounter/models/content_type.rb:73:in `each'
	/Users/brennan/.rvm/rubies/ruby-2.1.0/lib/ruby/gems/2.1.0/gems/locomotivecms_mounter-1.5.2/lib/locomotive/mounter/models/content_type.rb:73:in `block in build_entry'
	/Users/brennan/.rvm/rubies/ruby-2.1.0/lib/ruby/gems/2.1.0/gems/locomotivecms_mounter-1.5.2/lib/locomotive/mounter/models/content_type.rb:68:in `tap'
	/Users/brennan/.rvm/rubies/ruby-2.1.0/lib/ruby/gems/2.1.0/gems/locomotivecms_mounter-1.5.2/lib/locomotive/mounter/models/content_type.rb:68:in `build_entry'
	/Users/brennan/.rvm/rubies/ruby-2.1.0/lib/ruby/gems/2.1.0/gems/locomotivecms_mounter-1.5.2/lib/locomotive/mounter/reader/file_system/content_entries_reader.rb:75:in `add'
	/Users/brennan/.rvm/rubies/ruby-2.1.0/lib/ruby/gems/2.1.0/gems/locomotivecms_mounter-1.5.2/lib/locomotive/mounter/reader/file_system/content_entries_reader.rb:29:in `block (2 levels) in fetch_from_filesystem'
	/Users/brennan/.rvm/rubies/ruby-2.1.0/lib/ruby/gems/2.1.0/gems/locomotivecms_mounter-1.5.2/lib/locomotive/mounter/reader/file_system/content_entries_reader.rb:28:in `each'
	/Users/brennan/.rvm/rubies/ruby-2.1.0/lib/ruby/gems/2.1.0/gems/locomotivecms_mounter-1.5.2/lib/locomotive/mounter/reader/file_system/content_entries_reader.rb:28:in `each_with_index'
	/Users/brennan/.rvm/rubies/ruby-2.1.0/lib/ruby/gems/2.1.0/gems/locomotivecms_mounter-1.5.2/lib/locomotive/mounter/reader/file_system/content_entries_reader.rb:28:in `block in fetch_from_filesystem'
	/Users/brennan/.rvm/rubies/ruby-2.1.0/lib/ruby/gems/2.1.0/gems/locomotivecms_mounter-1.5.2/lib/locomotive/mounter/reader/file_system/content_entries_reader.rb:21:in `each'
	/Users/brennan/.rvm/rubies/ruby-2.1.0/lib/ruby/gems/2.1.0/gems/locomotivecms_mounter-1.5.2/lib/locomotive/mounter/reader/file_system/content_entries_reader.rb:21:in `fetch_from_filesystem'
	/Users/brennan/.rvm/rubies/ruby-2.1.0/lib/ruby/gems/2.1.0/gems/locomotivecms_mounter-1.5.2/lib/locomotive/mounter/reader/file_system/content_entries_reader.rb:13:in `read'
	/Users/brennan/.rvm/rubies/ruby-2.1.0/lib/ruby/gems/2.1.0/gems/locomotivecms_mounter-1.5.2/lib/locomotive/mounter/reader/runner.rb:76:in `block (2 levels) in build_mounting_point'
	/Users/brennan/.rvm/rubies/ruby-2.1.0/lib/ruby/gems/2.1.0/gems/locomotivecms_mounter-1.5.2/lib/locomotive/mounter/reader/runner.rb:73:in `each'
	/Users/brennan/.rvm/rubies/ruby-2.1.0/lib/ruby/gems/2.1.0/gems/locomotivecms_mounter-1.5.2/lib/locomotive/mounter/reader/runner.rb:73:in `block in build_mounting_point'
	/Users/brennan/.rvm/rubies/ruby-2.1.0/lib/ruby/gems/2.1.0/gems/locomotivecms_mounter-1.5.2/lib/locomotive/mounter/reader/runner.rb:70:in `tap'
	/Users/brennan/.rvm/rubies/ruby-2.1.0/lib/ruby/gems/2.1.0/gems/locomotivecms_mounter-1.5.2/lib/locomotive/mounter/reader/runner.rb:70:in `build_mounting_point'
	/Users/brennan/.rvm/rubies/ruby-2.1.0/lib/ruby/gems/2.1.0/gems/locomotivecms_mounter-1.5.2/lib/locomotive/mounter/reader/runner.rb:29:in `run!'
	/Users/brennan/.rvm/rubies/ruby-2.1.0/lib/ruby/gems/2.1.0/gems/locomotivecms_wagon-1.5.3/lib/locomotive/wagon.rb:262:in `require_mounter'
	/Users/brennan/.rvm/rubies/ruby-2.1.0/lib/ruby/gems/2.1.0/gems/locomotivecms_wagon-1.5.3/lib/locomotive/wagon.rb:159:in `push'
	/Users/brennan/.rvm/rubies/ruby-2.1.0/lib/ruby/gems/2.1.0/gems/locomotivecms_wagon-1.5.3/lib/locomotive/wagon/cli.rb:311:in `push'
	/Users/brennan/.rvm/rubies/ruby-2.1.0/lib/ruby/gems/2.1.0/gems/thor-0.19.1/lib/thor/command.rb:27:in `run'
	/Users/brennan/.rvm/rubies/ruby-2.1.0/lib/ruby/gems/2.1.0/gems/thor-0.19.1/lib/thor/invocation.rb:126:in `invoke_command'
	/Users/brennan/.rvm/rubies/ruby-2.1.0/lib/ruby/gems/2.1.0/gems/thor-0.19.1/lib/thor.rb:359:in `dispatch'
	/Users/brennan/.rvm/rubies/ruby-2.1.0/lib/ruby/gems/2.1.0/gems/thor-0.19.1/lib/thor/base.rb:440:in `start'
	/Users/brennan/.rvm/rubies/ruby-2.1.0/lib/ruby/gems/2.1.0/gems/locomotivecms_wagon-1.5.3/bin/wagon:12:in `<top (required)>'
	/Users/brennan/.rvm/rubies/ruby-2.1.0/bin/wagon:23:in `load'
	/Users/brennan/.rvm/rubies/ruby-2.1.0/bin/wagon:23:in `<main>'
	/Users/brennan/.rvm/gems/ruby-2.1.0/bin/ruby_executable_hooks:15:in `eval'
	/Users/brennan/.rvm/gems/ruby-2.1.0/bin/ruby_executable_hooks:15:in `<main>'


{"entries_custom_fields"=>{"base"=>["is invalid"], "5514ebacf3747ca8ca00000c"=>["Label is already taken"], "2"=>["Label is already taken"]}}
{"entries_custom_fields"=>{"base"=>["is invalid"], "5514ebacf3747ca8ca00000c"=>["Label is already taken"], "2"=>["Label is already taken"]}}
[0;31;49m[Important] YUICompressor requires java to be installed. The JAVA_HOME variable should also be set.
[0m
[0;97;49mStarted GET "/" at 2015-04-01 17:18:53 -0500[0m
Detecting locale EN
Found page "Normal Jacket" [index]
  Rendered liquid page template
[0;32;49mCompleted 200 OK in 11.5ms

[0m
[0;97;49mStarted GET "/css/bootstrap.css" at 2015-04-01 17:18:53 -0500[0m
Detecting locale EN
[0;32;49mCompleted 404 Not Found in 6.3ms

[0m
[0;97;49mStarted GET "/css/font-awesome.min.css" at 2015-04-01 17:18:53 -0500[0m
[0;97;49mStarted GET "/css/theme.css" at 2015-04-01 17:18:53 -0500[0m
Detecting locale EN
Detecting locale EN
[0;32;49mCompleted 404 Not Found in 7.8ms

[0m
[0;32;49mCompleted 404 Not Found in 8.0ms

[0m
[0;97;49mStarted GET "/css/colour.css" at 2015-04-01 17:18:53 -0500[0m
Detecting locale EN
[0;32;49mCompleted 404 Not Found in 3.5ms

[0m
[0;97;49mStarted GET "/css/prettyPhoto.css" at 2015-04-01 17:18:53 -0500[0m
Detecting locale EN
[0;32;49mCompleted 404 Not Found in 4.6ms

[0m
[0;97;49mStarted GET "/css/zocial.css" at 2015-04-01 17:18:53 -0500[0m
Detecting locale EN
[0;32;49mCompleted 404 Not Found in 3.0ms

[0m
[0;97;49mStarted GET "/rs-plugin/css/settings.css" at 2015-04-01 17:18:53 -0500[0m
Detecting locale EN
[0;32;49mCompleted 404 Not Found in 2.6ms

[0m
[0;97;49mStarted GET "/js/jquery.js" at 2015-04-01 17:18:53 -0500[0m
Detecting locale EN
[0;32;49mCompleted 404 Not Found in 4.0ms

[0m
[0;97;49mStarted GET "/js/bootstrap.min.js" at 2015-04-01 17:18:53 -0500[0m
Detecting locale EN
[0;32;49mCompleted 404 Not Found in 2.8ms

[0m
[0;97;49mStarted GET "/js/retina.js" at 2015-04-01 17:18:53 -0500[0m
Detecting locale EN
[0;32;49mCompleted 404 Not Found in 4.2ms

[0m
[0;97;49mStarted GET "/rs-plugin/js/jquery.themepunch.tools.min.js" at 2015-04-01 17:18:53 -0500[0m
Detecting locale EN
[0;32;49mCompleted 404 Not Found in 3.7ms

[0m
[0;97;49mStarted GET "/rs-plugin/js/jquery.themepunch.revolution.min.js" at 2015-04-01 17:18:54 -0500[0m
Detecting locale EN
[0;32;49mCompleted 404 Not Found in 3.7ms

[0m
[0;97;49mStarted GET "/js/jquery.touchSwipe.min.js" at 2015-04-01 17:18:54 -0500[0m
Detecting locale EN
[0;32;49mCompleted 404 Not Found in 3.4ms

[0m
[0;97;49mStarted GET "/js/jquery.mousewheel.min.js" at 2015-04-01 17:18:54 -0500[0m
Detecting locale EN
[0;32;49mCompleted 404 Not Found in 2.9ms

[0m
[0;97;49mStarted GET "/js/jquery.prettyPhoto.js" at 2015-04-01 17:18:54 -0500[0m
Detecting locale EN
[0;32;49mCompleted 404 Not Found in 2.1ms

[0m
[0;97;49mStarted GET "/js/scripts.js" at 2015-04-01 17:18:54 -0500[0m
Detecting locale EN
[0;32;49mCompleted 404 Not Found in 3.8ms

[0m
[0;97;49mStarted GET "/js/jquery.carouFredSel-6.2.1-packed.js" at 2015-04-01 17:18:54 -0500[0m
Detecting locale EN
[0;32;49mCompleted 404 Not Found in 2.8ms

[0m
[0;97;49mStarted GET "/video/your_video.mp4" at 2015-04-01 17:18:54 -0500[0m
Detecting locale EN
[0;32;49mCompleted 404 Not Found in 2.6ms

[0m
[0;97;49mStarted GET "/img/logo.png" at 2015-04-01 17:18:54 -0500[0m
Detecting locale EN
[0;32;49mCompleted 404 Not Found in 3.2ms

[0m
[0;97;49mStarted GET "/video/ny.jpg" at 2015-04-01 17:18:54 -0500[0m
Detecting locale EN
[0;32;49mCompleted 404 Not Found in 2.1ms

[0m
[0;97;49mStarted GET "/img/small/s1.jpg" at 2015-04-01 17:18:54 -0500[0m
Detecting locale EN
[0;32;49mCompleted 404 Not Found in 2.3ms

[0m
[0;97;49mStarted GET "/img/small/s2.jpg" at 2015-04-01 17:18:54 -0500[0m
Detecting locale EN
[0;32;49mCompleted 404 Not Found in 2.7ms

[0m
[0;97;49mStarted GET "/img/small/s3.jpg" at 2015-04-01 17:18:54 -0500[0m
Detecting locale EN
[0;32;49mCompleted 404 Not Found in 2.3ms

[0m
[0;97;49mStarted GET "/img/small/s4.jpg" at 2015-04-01 17:18:54 -0500[0m
Detecting locale EN
[0;32;49mCompleted 404 Not Found in 2.4ms

[0m
[0;97;49mStarted GET "/img/small/s5.jpg" at 2015-04-01 17:18:54 -0500[0m
Detecting locale EN
[0;32;49mCompleted 404 Not Found in 4.5ms

[0m
[0;97;49mStarted GET "/img/small/s6.jpg" at 2015-04-01 17:18:54 -0500[0m
Detecting locale EN
[0;32;49mCompleted 404 Not Found in 3.9ms

[0m
[0;97;49mStarted GET "/img/small/s7.jpg" at 2015-04-01 17:18:54 -0500[0m
Detecting locale EN
[0;32;49mCompleted 404 Not Found in 3.4ms

[0m
[0;97;49mStarted GET "/img/small/s8.jpg" at 2015-04-01 17:18:54 -0500[0m
Detecting locale EN
[0;32;49mCompleted 404 Not Found in 2.8ms

[0m
[0;97;49mStarted GET "/video/your_video.ogv" at 2015-04-01 17:18:54 -0500[0m
Detecting locale EN
[0;32;49mCompleted 404 Not Found in 3.5ms

[0m
* Reloaded "pages", "snippets" at 2015-04-01 17:19:40 -0500
[0;97;49mStarted GET "/" at 2015-04-01 17:19:41 -0500[0m
Detecting locale EN
Found page "Normal Jacket" [index]
  Rendered liquid page template
[0;32;49mCompleted 200 OK in 7.0ms

[0m
[0;97;49mStarted GET "/public/stylesheets/bootstrap.css" at 2015-04-01 17:19:41 -0500[0m
Detecting locale EN
[0;32;49mCompleted 404 Not Found in 2.3ms

[0m
[0;97;49mStarted GET "/public/stylesheets/font-awesome.min.css" at 2015-04-01 17:19:42 -0500[0m
Detecting locale EN
[0;97;49mStarted GET "/public/stylesheets/theme.css" at 2015-04-01 17:19:42 -0500[0m
[0;32;49mCompleted 404 Not Found in 5.7ms

[0m
Detecting locale EN
[0;97;49mStarted GET "/public/stylesheets/colour.css" at 2015-04-01 17:19:42 -0500[0m
[0;97;49mStarted GET "/public/stylesheets/prettyPhoto.css" at 2015-04-01 17:19:42 -0500[0m
[0;32;49mCompleted 404 Not Found in 13.1ms

[0m
Detecting locale EN
Detecting locale EN
[0;32;49mCompleted 404 Not Found in 13.1ms

[0m
[0;32;49mCompleted 404 Not Found in 11.6ms

[0m
[0;97;49mStarted GET "/public/stylesheets/zocial.css" at 2015-04-01 17:19:42 -0500[0m
[0;97;49mStarted GET "/rs-plugin/css/settings.css" at 2015-04-01 17:19:42 -0500[0m
Detecting locale EN
[0;97;49mStarted GET "/js/scripts.js" at 2015-04-01 17:19:42 -0500[0m
[0;97;49mStarted GET "/js/jquery.js" at 2015-04-01 17:19:42 -0500[0m
Detecting locale EN
[0;32;49mCompleted 404 Not Found in 14.4ms

[0m
Detecting locale EN
[0;97;49mStarted GET "/js/bootstrap.min.js" at 2015-04-01 17:19:42 -0500[0m
[0;97;49mStarted GET "/js/retina.js" at 2015-04-01 17:19:42 -0500[0m
Detecting locale EN
[0;32;49mCompleted 404 Not Found in 17.2ms

[0m
[0;32;49mCompleted 404 Not Found in 17.8ms

[0m
Detecting locale EN
Detecting locale EN
[0;32;49mCompleted 404 Not Found in 20.0ms

[0m
[0;97;49mStarted GET "/rs-plugin/js/jquery.themepunch.tools.min.js" at 2015-04-01 17:19:42 -0500[0m
[0;32;49mCompleted 404 Not Found in 21.7ms

[0m
[0;32;49mCompleted 404 Not Found in 24.8ms

[0m
[0;97;49mStarted GET "/rs-plugin/js/jquery.themepunch.revolution.min.js" at 2015-04-01 17:19:42 -0500[0m
Detecting locale EN
[0;97;49mStarted GET "/js/jquery.touchSwipe.min.js" at 2015-04-01 17:19:42 -0500[0m
Detecting locale EN
[0;97;49mStarted GET "/js/jquery.mousewheel.min.js" at 2015-04-01 17:19:42 -0500[0m
[0;32;49mCompleted 404 Not Found in 27.5ms

[0m
Detecting locale EN
[0;32;49mCompleted 404 Not Found in 14.8ms

[0m
Detecting locale EN
[0;97;49mStarted GET "/js/jquery.carouFredSel-6.2.1-packed.js" at 2015-04-01 17:19:42 -0500[0m
[0;32;49mCompleted 404 Not Found in 25.8ms

[0m
[0;97;49mStarted GET "/js/jquery.prettyPhoto.js" at 2015-04-01 17:19:42 -0500[0m
[0;32;49mCompleted 404 Not Found in 23.6ms

[0m
Detecting locale EN
Detecting locale EN
[0;32;49mCompleted 404 Not Found in 13.7ms

[0m
[0;32;49mCompleted 404 Not Found in 11.1ms

[0m
[0;97;49mStarted GET "/video/your_video.mp4" at 2015-04-01 17:19:42 -0500[0m
Detecting locale EN
[0;32;49mCompleted 404 Not Found in 2.7ms

[0m
[0;97;49mStarted GET "/img/small/s3.jpg" at 2015-04-01 17:19:42 -0500[0m
[0;97;49mStarted GET "/video/ny.jpg" at 2015-04-01 17:19:42 -0500[0m
[0;97;49mStarted GET "/img/small/s1.jpg" at 2015-04-01 17:19:42 -0500[0m
[0;97;49mStarted GET "/img/small/s2.jpg" at 2015-04-01 17:19:42 -0500[0m
[0;97;49mStarted GET "/img/logo.png" at 2015-04-01 17:19:42 -0500[0m
Detecting locale EN
Detecting locale EN
[0;97;49mStarted GET "/img/small/s4.jpg" at 2015-04-01 17:19:42 -0500[0m
Detecting locale EN
Detecting locale EN
Detecting locale EN
[0;32;49mCompleted 404 Not Found in 18.3ms

[0m
[0;32;49mCompleted 404 Not Found in 18.3ms

[0m
Detecting locale EN
[0;32;49mCompleted 404 Not Found in 18.9ms

[0m
[0;32;49mCompleted 404 Not Found in 17.7ms

[0m
[0;32;49mCompleted 404 Not Found in 17.0ms

[0m
[0;32;49mCompleted 404 Not Found in 16.5ms

[0m
[0;97;49mStarted GET "/img/small/s5.jpg" at 2015-04-01 17:19:42 -0500[0m
Detecting locale EN
[0;97;49mStarted GET "/img/small/s6.jpg" at 2015-04-01 17:19:42 -0500[0m
[0;32;49mCompleted 404 Not Found in 6.2ms

[0m
[0;97;49mStarted GET "/img/small/s7.jpg" at 2015-04-01 17:19:42 -0500[0m
Detecting locale EN
[0;97;49mStarted GET "/img/small/s8.jpg" at 2015-04-01 17:19:42 -0500[0m
Detecting locale EN
[0;32;49mCompleted 404 Not Found in 11.5ms

[0m
Detecting locale EN
[0;32;49mCompleted 404 Not Found in 10.7ms

[0m
[0;32;49mCompleted 404 Not Found in 11.9ms

[0m
[0;97;49mStarted GET "/video/your_video.ogv" at 2015-04-01 17:19:42 -0500[0m
Detecting locale EN
[0;32;49mCompleted 404 Not Found in 2.2ms

[0m
[0;97;49mStarted GET "/public/stylesheets/bootstrap.css" at 2015-04-01 17:19:47 -0500[0m
Detecting locale EN
[0;32;49mCompleted 404 Not Found in 4.3ms

[0m
[0;97;49mStarted GET "/public/stylesheets/font-awesome.min.css" at 2015-04-01 17:19:47 -0500[0m
Detecting locale EN
[0;97;49mStarted GET "/public/stylesheets/zocial.css" at 2015-04-01 17:19:47 -0500[0m
[0;32;49mCompleted 404 Not Found in 9.0ms

[0m
[0;97;49mStarted GET "/public/stylesheets/colour.css" at 2015-04-01 17:19:47 -0500[0m
[0;97;49mStarted GET "/public/stylesheets/prettyPhoto.css" at 2015-04-01 17:19:47 -0500[0m
[0;97;49mStarted GET "/public/stylesheets/theme.css" at 2015-04-01 17:19:47 -0500[0m
Detecting locale EN
[0;97;49mStarted GET "/rs-plugin/css/settings.css" at 2015-04-01 17:19:47 -0500[0m
Detecting locale EN
Detecting locale EN
Detecting locale EN
[0;32;49mCompleted 404 Not Found in 25.0ms

[0m
Detecting locale EN
[0;32;49mCompleted 404 Not Found in 26.1ms

[0m
[0;32;49mCompleted 404 Not Found in 28.1ms

[0m
[0;32;49mCompleted 404 Not Found in 28.4ms

[0m
[0;32;49mCompleted 404 Not Found in 28.7ms

[0m
[0;97;49mStarted GET "/" at 2015-04-01 17:19:58 -0500[0m
Detecting locale EN
Found page "Normal Jacket" [index]
  Rendered liquid page template
[0;32;49mCompleted 200 OK in 87.0ms

[0m
[0;97;49mStarted GET "/public/stylesheets/font-awesome.min.css" at 2015-04-01 17:19:59 -0500[0m
Detecting locale EN
[0;32;49mCompleted 404 Not Found in 4.7ms

[0m
[0;97;49mStarted GET "/public/stylesheets/bootstrap.css" at 2015-04-01 17:19:59 -0500[0m
[0;97;49mStarted GET "/public/stylesheets/theme.css" at 2015-04-01 17:19:59 -0500[0m
[0;97;49mStarted GET "/public/stylesheets/colour.css" at 2015-04-01 17:19:59 -0500[0m
Detecting locale EN
[0;97;49mStarted GET "/public/stylesheets/prettyPhoto.css" at 2015-04-01 17:19:59 -0500[0m
Detecting locale EN
Detecting locale EN
[0;97;49mStarted GET "/public/stylesheets/zocial.css" at 2015-04-01 17:19:59 -0500[0m
[0;32;49mCompleted 404 Not Found in 12.6ms

[0m
Detecting locale EN
[0;32;49mCompleted 404 Not Found in 25.2ms

[0m
[0;32;49mCompleted 404 Not Found in 24.6ms

[0m
Detecting locale EN
[0;97;49mStarted GET "/rs-plugin/css/settings.css" at 2015-04-01 17:19:59 -0500[0m
[0;32;49mCompleted 404 Not Found in 28.5ms

[0m
[0;32;49mCompleted 404 Not Found in 33.6ms

[0m
Detecting locale EN
[0;32;49mCompleted 404 Not Found in 19.7ms

[0m
[0;97;49mStarted GET "/js/jquery.js" at 2015-04-01 17:19:59 -0500[0m
Detecting locale EN
[0;97;49mStarted GET "/js/bootstrap.min.js" at 2015-04-01 17:19:59 -0500[0m
[0;32;49mCompleted 404 Not Found in 7.9ms

[0m
[0;97;49mStarted GET "/js/retina.js" at 2015-04-01 17:19:59 -0500[0m
Detecting locale EN
Detecting locale EN
[0;97;49mStarted GET "/rs-plugin/js/jquery.themepunch.tools.min.js" at 2015-04-01 17:19:59 -0500[0m
[0;97;49mStarted GET "/rs-plugin/js/jquery.themepunch.revolution.min.js" at 2015-04-01 17:19:59 -0500[0m
[0;97;49mStarted GET "/js/jquery.touchSwipe.min.js" at 2015-04-01 17:19:59 -0500[0m
[0;32;49mCompleted 404 Not Found in 21.8ms

[0m
[0;32;49mCompleted 404 Not Found in 18.7ms

[0m
[0;97;49mStarted GET "/js/jquery.mousewheel.min.js" at 2015-04-01 17:19:59 -0500[0m
Detecting locale EN
Detecting locale EN
Detecting locale EN
Detecting locale EN
[0;32;49mCompleted 404 Not Found in 23.2ms

[0m
[0;32;49mCompleted 404 Not Found in 23.5ms

[0m
[0;32;49mCompleted 404 Not Found in 25.5ms

[0m
[0;32;49mCompleted 404 Not Found in 19.7ms

[0m
[0;97;49mStarted GET "/js/jquery.prettyPhoto.js" at 2015-04-01 17:19:59 -0500[0m
[0;97;49mStarted GET "/js/scripts.js" at 2015-04-01 17:19:59 -0500[0m
Detecting locale EN
Detecting locale EN
[0;32;49mCompleted 404 Not Found in 13.5ms

[0m
[0;32;49mCompleted 404 Not Found in 13.5ms

[0m
[0;97;49mStarted GET "/js/jquery.carouFredSel-6.2.1-packed.js" at 2015-04-01 17:19:59 -0500[0m
Detecting locale EN
[0;32;49mCompleted 404 Not Found in 4.9ms

[0m
[0;97;49mStarted GET "/video/your_video.mp4" at 2015-04-01 17:19:59 -0500[0m
Detecting locale EN
[0;32;49mCompleted 404 Not Found in 4.6ms

[0m
[0;97;49mStarted GET "/img/logo.png" at 2015-04-01 17:19:59 -0500[0m
Detecting locale EN
[0;97;49mStarted GET "/video/ny.jpg" at 2015-04-01 17:19:59 -0500[0m
[0;32;49mCompleted 404 Not Found in 6.9ms

[0m
[0;97;49mStarted GET "/img/small/s1.jpg" at 2015-04-01 17:19:59 -0500[0m
[0;97;49mStarted GET "/img/small/s2.jpg" at 2015-04-01 17:19:59 -0500[0m
Detecting locale EN
[0;97;49mStarted GET "/img/small/s3.jpg" at 2015-04-01 17:19:59 -0500[0m
[0;97;49mStarted GET "/img/small/s4.jpg" at 2015-04-01 17:19:59 -0500[0m
Detecting locale EN
Detecting locale EN
[0;32;49mCompleted 404 Not Found in 20.2ms

[0m
Detecting locale EN
Detecting locale EN
[0;32;49mCompleted 404 Not Found in 19.1ms

[0m
[0;32;49mCompleted 404 Not Found in 19.6ms

[0m
[0;32;49mCompleted 404 Not Found in 20.6ms

[0m
[0;97;49mStarted GET "/img/small/s5.jpg" at 2015-04-01 17:19:59 -0500[0m
[0;32;49mCompleted 404 Not Found in 23.2ms

[0m
Detecting locale EN
[0;97;49mStarted GET "/img/small/s6.jpg" at 2015-04-01 17:19:59 -0500[0m
[0;32;49mCompleted 404 Not Found in 17.8ms

[0m
Detecting locale EN
[0;32;49mCompleted 404 Not Found in 11.1ms

[0m
[0;97;49mStarted GET "/img/small/s7.jpg" at 2015-04-01 17:19:59 -0500[0m
Detecting locale EN
[0;32;49mCompleted 404 Not Found in 3.8ms

[0m
[0;97;49mStarted GET "/img/small/s8.jpg" at 2015-04-01 17:19:59 -0500[0m
Detecting locale EN
[0;32;49mCompleted 404 Not Found in 5.0ms

[0m
[0;97;49mStarted GET "/video/your_video.ogv" at 2015-04-01 17:20:00 -0500[0m
Detecting locale EN
[0;32;49mCompleted 404 Not Found in 3.4ms

[0m
* Reloaded "pages", "snippets" at 2015-04-01 17:22:48 -0500
[0;97;49mStarted GET "/" at 2015-04-01 17:22:52 -0500[0m
Detecting locale EN
Found page "Normal Jacket" [index]
  Rendered liquid page template
[0;32;49mCompleted 200 OK in 7.1ms

[0m
[0;97;49mStarted GET "/public/stylesheets/bootstrap.css" at 2015-04-01 17:22:52 -0500[0m
Detecting locale EN
[0;32;49mCompleted 404 Not Found in 4.0ms

[0m
[0;97;49mStarted GET "/public/stylesheets/font-awesome.min.css" at 2015-04-01 17:22:52 -0500[0m
Detecting locale EN
[0;32;49mCompleted 404 Not Found in 2.9ms

[0m
[0;97;49mStarted GET "/public/stylesheets/theme.css" at 2015-04-01 17:22:52 -0500[0m
Detecting locale EN
[0;32;49mCompleted 404 Not Found in 2.3ms

[0m
[0;97;49mStarted GET "/public/stylesheets/colour.css" at 2015-04-01 17:22:52 -0500[0m
Detecting locale EN
[0;32;49mCompleted 404 Not Found in 4.1ms

[0m
[0;97;49mStarted GET "/public/stylesheets/prettyPhoto.css" at 2015-04-01 17:22:52 -0500[0m
Detecting locale EN
[0;32;49mCompleted 404 Not Found in 20.0ms

[0m
[0;97;49mStarted GET "/public/stylesheets/zocial.css" at 2015-04-01 17:22:52 -0500[0m
[0;97;49mStarted GET "/rs-plugin/css/settings.css" at 2015-04-01 17:22:52 -0500[0m
Detecting locale EN
Detecting locale EN
[0;32;49mCompleted 404 Not Found in 9.4ms

[0m
[0;32;49mCompleted 404 Not Found in 9.9ms

[0m
[0;97;49mStarted GET "/img/logo.png" at 2015-04-01 17:22:52 -0500[0m
Detecting locale EN
[0;32;49mCompleted 404 Not Found in 5.8ms

[0m
[0;97;49mStarted GET "/js/jquery.js" at 2015-04-01 17:22:52 -0500[0m
Detecting locale EN
[0;32;49mCompleted 404 Not Found in 2.8ms

[0m
[0;97;49mStarted GET "/js/retina.js" at 2015-04-01 17:22:52 -0500[0m
[0;97;49mStarted GET "/js/bootstrap.min.js" at 2015-04-01 17:22:52 -0500[0m
Detecting locale EN
[0;97;49mStarted GET "/rs-plugin/js/jquery.themepunch.revolution.min.js" at 2015-04-01 17:22:52 -0500[0m
Detecting locale EN
[0;97;49mStarted GET "/js/jquery.touchSwipe.min.js" at 2015-04-01 17:22:52 -0500[0m
[0;97;49mStarted GET "/js/jquery.mousewheel.min.js" at 2015-04-01 17:22:52 -0500[0m
[0;97;49mStarted GET "/rs-plugin/js/jquery.themepunch.tools.min.js" at 2015-04-01 17:22:52 -0500[0m
[0;32;49mCompleted 404 Not Found in 18.4ms

[0m
Detecting locale EN
[0;32;49mCompleted 404 Not Found in 19.7ms

[0m
Detecting locale EN
Detecting locale EN
Detecting locale EN
[0;32;49mCompleted 404 Not Found in 19.2ms

[0m
[0;32;49mCompleted 404 Not Found in 20.4ms

[0m
[0;32;49mCompleted 404 Not Found in 21.7ms

[0m
[0;32;49mCompleted 404 Not Found in 23.5ms

[0m
[0;97;49mStarted GET "/js/jquery.prettyPhoto.js" at 2015-04-01 17:22:52 -0500[0m
[0;97;49mStarted GET "/js/scripts.js" at 2015-04-01 17:22:52 -0500[0m
Detecting locale EN
Detecting locale EN
[0;32;49mCompleted 404 Not Found in 10.4ms

[0m
[0;97;49mStarted GET "/js/jquery.carouFredSel-6.2.1-packed.js" at 2015-04-01 17:22:53 -0500[0m
[0;32;49mCompleted 404 Not Found in 12.7ms

[0m
Detecting locale EN
[0;32;49mCompleted 404 Not Found in 9.0ms

[0m
[0;97;49mStarted GET "/video/your_video.mp4" at 2015-04-01 17:22:53 -0500[0m
Detecting locale EN
[0;32;49mCompleted 404 Not Found in 2.8ms

[0m
[0;97;49mStarted GET "/video/ny.jpg" at 2015-04-01 17:22:53 -0500[0m
Detecting locale EN
[0;32;49mCompleted 404 Not Found in 4.2ms

[0m
[0;97;49mStarted GET "/img/small/s1.jpg" at 2015-04-01 17:22:53 -0500[0m
Detecting locale EN
[0;32;49mCompleted 404 Not Found in 3.8ms

[0m
[0;97;49mStarted GET "/img/small/s2.jpg" at 2015-04-01 17:22:53 -0500[0m
Detecting locale EN
[0;32;49mCompleted 404 Not Found in 4.3ms

[0m
[0;97;49mStarted GET "/img/small/s3.jpg" at 2015-04-01 17:22:53 -0500[0m
[0;97;49mStarted GET "/img/small/s4.jpg" at 2015-04-01 17:22:53 -0500[0m
[0;97;49mStarted GET "/img/small/s5.jpg" at 2015-04-01 17:22:53 -0500[0m
Detecting locale EN
[0;97;49mStarted GET "/img/small/s6.jpg" at 2015-04-01 17:22:53 -0500[0m
Detecting locale EN
[0;97;49mStarted GET "/img/small/s7.jpg" at 2015-04-01 17:22:53 -0500[0m
Detecting locale EN
[0;32;49mCompleted 404 Not Found in 21.2ms

[0m
Detecting locale EN
[0;97;49mStarted GET "/img/small/s8.jpg" at 2015-04-01 17:22:53 -0500[0m
[0;32;49mCompleted 404 Not Found in 23.6ms

[0m
Detecting locale EN
[0;32;49mCompleted 404 Not Found in 24.1ms

[0m
[0;32;49mCompleted 404 Not Found in 25.3ms

[0m
Detecting locale EN
[0;32;49mCompleted 404 Not Found in 27.0ms

[0m
[0;32;49mCompleted 404 Not Found in 25.2ms

[0m
[0;97;49mStarted GET "/video/your_video.ogv" at 2015-04-01 17:22:53 -0500[0m
Detecting locale EN
[0;32;49mCompleted 404 Not Found in 2.2ms

[0m
* Reloaded "pages", "snippets" at 2015-04-01 17:26:08 -0500
[0;97;49mStarted GET "/" at 2015-04-01 17:26:09 -0500[0m
Detecting locale EN
Found page "Normal Jacket" [index]
  Rendered liquid page template
[0;32;49mCompleted 200 OK in 2.1ms

[0m
[0;97;49mStarted GET "/rs-plugin/css/settings.css" at 2015-04-01 17:26:09 -0500[0m
Detecting locale EN
[0;32;49mCompleted 404 Not Found in 2.1ms

[0m
[0;97;49mStarted GET "/js/jquery.js" at 2015-04-01 17:26:09 -0500[0m
[0;97;49mStarted GET "/js/retina.js" at 2015-04-01 17:26:09 -0500[0m
[0;97;49mStarted GET "/js/bootstrap.min.js" at 2015-04-01 17:26:09 -0500[0m
Detecting locale EN
Detecting locale EN
Detecting locale EN
[0;32;49mCompleted 404 Not Found in 3.7ms

[0m
[0;32;49mCompleted 404 Not Found in 3.1ms

[0m
[0;32;49mCompleted 404 Not Found in 3.6ms

[0m
[0;97;49mStarted GET "/rs-plugin/js/jquery.themepunch.revolution.min.js" at 2015-04-01 17:26:09 -0500[0m
[0;97;49mStarted GET "/rs-plugin/js/jquery.themepunch.tools.min.js" at 2015-04-01 17:26:09 -0500[0m
[0;97;49mStarted GET "/js/jquery.touchSwipe.min.js" at 2015-04-01 17:26:09 -0500[0m
Detecting locale EN
Detecting locale EN
Detecting locale EN
[0;32;49mCompleted 404 Not Found in 5.1ms

[0m
[0;32;49mCompleted 404 Not Found in 4.4ms

[0m
[0;32;49mCompleted 404 Not Found in 4.2ms

[0m
[0;97;49mStarted GET "/js/jquery.mousewheel.min.js" at 2015-04-01 17:26:09 -0500[0m
Detecting locale EN
[0;32;49mCompleted 404 Not Found in 0.8ms

[0m
[0;97;49mStarted GET "/js/jquery.prettyPhoto.js" at 2015-04-01 17:26:09 -0500[0m
[0;97;49mStarted GET "/js/scripts.js" at 2015-04-01 17:26:09 -0500[0m
Detecting locale EN
Detecting locale EN
[0;32;49mCompleted 404 Not Found in 1.8ms

[0m
[0;97;49mStarted GET "/js/jquery.carouFredSel-6.2.1-packed.js" at 2015-04-01 17:26:09 -0500[0m
[0;32;49mCompleted 404 Not Found in 2.6ms

[0m
Detecting locale EN
[0;32;49mCompleted 404 Not Found in 2.7ms

[0m
[0;97;49mStarted GET "/video/your_video.mp4" at 2015-04-01 17:26:09 -0500[0m
[0;97;49mStarted GET "/video/ny.jpg" at 2015-04-01 17:26:09 -0500[0m
Detecting locale EN
[0;97;49mStarted GET "/img/logo.png" at 2015-04-01 17:26:09 -0500[0m
Detecting locale EN
Detecting locale EN
[0;32;49mCompleted 404 Not Found in 2.9ms

[0m
[0;32;49mCompleted 404 Not Found in 2.2ms

[0m
[0;32;49mCompleted 404 Not Found in 4.4ms

[0m
[0;97;49mStarted GET "/img/small/s1.jpg" at 2015-04-01 17:26:09 -0500[0m
[0;97;49mStarted GET "/img/small/s2.jpg" at 2015-04-01 17:26:09 -0500[0m
[0;97;49mStarted GET "/img/small/s3.jpg" at 2015-04-01 17:26:09 -0500[0m
Detecting locale EN
Detecting locale EN
Detecting locale EN
[0;32;49mCompleted 404 Not Found in 3.6ms

[0m
[0;32;49mCompleted 404 Not Found in 3.7ms

[0m
[0;32;49mCompleted 404 Not Found in 3.5ms

[0m
[0;97;49mStarted GET "/img/small/s4.jpg" at 2015-04-01 17:26:09 -0500[0m
Detecting locale EN
[0;97;49mStarted GET "/img/small/s6.jpg" at 2015-04-01 17:26:09 -0500[0m
[0;97;49mStarted GET "/img/small/s5.jpg" at 2015-04-01 17:26:09 -0500[0m
[0;32;49mCompleted 404 Not Found in 2.3ms

[0m
[0;97;49mStarted GET "/img/small/s7.jpg" at 2015-04-01 17:26:09 -0500[0m
[0;97;49mStarted GET "/img/small/s8.jpg" at 2015-04-01 17:26:09 -0500[0m
Detecting locale EN
Detecting locale EN
Detecting locale EN
Detecting locale EN
[0;32;49mCompleted 404 Not Found in 4.0ms

[0m
[0;32;49mCompleted 404 Not Found in 4.3ms

[0m
[0;32;49mCompleted 404 Not Found in 3.5ms

[0m
[0;32;49mCompleted 404 Not Found in 3.7ms

[0m
[0;97;49mStarted GET "/font/fontawesome-webfont.woff" at 2015-04-01 17:26:09 -0500[0m
Detecting locale EN
[0;32;49mCompleted 404 Not Found in 1.1ms

[0m
[0;97;49mStarted GET "/img/red_ribbon.png" at 2015-04-01 17:26:09 -0500[0m
Detecting locale EN
[0;32;49mCompleted 404 Not Found in 1.8ms

[0m
[0;97;49mStarted GET "/img/zoom.png" at 2015-04-01 17:26:09 -0500[0m
Detecting locale EN
[0;32;49mCompleted 404 Not Found in 1.1ms

[0m
[0;97;49mStarted GET "/video/ny.jpg" at 2015-04-01 17:26:09 -0500[0m
Detecting locale EN
[0;32;49mCompleted 404 Not Found in 0.7ms

[0m
[0;97;49mStarted GET "/video/your_video.ogv" at 2015-04-01 17:26:09 -0500[0m
Detecting locale EN
[0;32;49mCompleted 404 Not Found in 1.3ms

[0m
[0;97;49mStarted GET "/font/fontawesome-webfont.ttf" at 2015-04-01 17:26:09 -0500[0m
Detecting locale EN
[0;32;49mCompleted 404 Not Found in 1.3ms

[0m
* Reloaded "pages", "snippets" at 2015-04-01 17:27:28 -0500
* Reloaded "pages", "snippets" at 2015-04-01 17:30:16 -0500
* Reloaded "pages", "snippets" at 2015-04-01 17:31:17 -0500
* Reloaded "pages", "snippets" at 2015-04-01 17:31:19 -0500
* Reloaded "pages", "snippets" at 2015-04-01 17:31:43 -0500
[0;97;49mStarted GET "/" at 2015-04-01 17:31:52 -0500[0m
Detecting locale EN
Found page "Normal Jacket" [index]
  Rendered liquid page template
[0;32;49mCompleted 200 OK in 1.8ms

[0m
[0;97;49mStarted GET "/rs-plugin/css/settings.css" at 2015-04-01 17:31:52 -0500[0m
Detecting locale EN
[0;32;49mCompleted 404 Not Found in 1.1ms

[0m
[0;97;49mStarted GET "/js/jquery.js" at 2015-04-01 17:31:52 -0500[0m
Detecting locale EN
[0;32;49mCompleted 404 Not Found in 0.9ms

[0m
[0;97;49mStarted GET "/js/bootstrap.min.js" at 2015-04-01 17:31:52 -0500[0m
Detecting locale EN
[0;32;49mCompleted 404 Not Found in 1.3ms

[0m
[0;97;49mStarted GET "/js/retina.js" at 2015-04-01 17:31:52 -0500[0m
Detecting locale EN
[0;32;49mCompleted 404 Not Found in 9.8ms

[0m
[0;97;49mStarted GET "/js/jquery.carouFredSel-6.2.1-packed.js" at 2015-04-01 17:31:52 -0500[0m
Detecting locale EN
[0;32;49mCompleted 404 Not Found in 0.5ms

[0m
[0;97;49mStarted GET "/video/your_video.mp4" at 2015-04-01 17:31:52 -0500[0m
Detecting locale EN
[0;32;49mCompleted 404 Not Found in 0.5ms

[0m
[0;97;49mStarted GET "/img/logo.png" at 2015-04-01 17:31:52 -0500[0m
Detecting locale EN
[0;32;49mCompleted 404 Not Found in 0.6ms

[0m
[0;97;49mStarted GET "/video/your_video.ogv" at 2015-04-01 17:31:52 -0500[0m
Detecting locale EN
[0;32;49mCompleted 404 Not Found in 0.7ms

[0m
[0;97;49mStarted GET "/video/ny.jpg" at 2015-04-01 17:31:52 -0500[0m
Detecting locale EN
[0;32;49mCompleted 404 Not Found in 0.6ms

[0m
[0;97;49mStarted GET "/img/small/s1.jpg" at 2015-04-01 17:31:52 -0500[0m
Detecting locale EN
[0;32;49mCompleted 404 Not Found in 0.6ms

[0m
[0;97;49mStarted GET "/img/small/s2.jpg" at 2015-04-01 17:31:52 -0500[0m
Detecting locale EN
[0;32;49mCompleted 404 Not Found in 0.9ms

[0m
[0;97;49mStarted GET "/img/small/s3.jpg" at 2015-04-01 17:31:52 -0500[0m
Detecting locale EN
[0;32;49mCompleted 404 Not Found in 0.5ms

[0m
[0;97;49mStarted GET "/img/small/s4.jpg" at 2015-04-01 17:31:52 -0500[0m
Detecting locale EN
[0;32;49mCompleted 404 Not Found in 0.6ms

[0m
[0;97;49mStarted GET "/img/small/s5.jpg" at 2015-04-01 17:31:52 -0500[0m
Detecting locale EN
[0;32;49mCompleted 404 Not Found in 0.6ms

[0m
[0;97;49mStarted GET "/img/small/s6.jpg" at 2015-04-01 17:31:52 -0500[0m
Detecting locale EN
[0;32;49mCompleted 404 Not Found in 0.7ms

[0m
[0;97;49mStarted GET "/img/small/s7.jpg" at 2015-04-01 17:31:52 -0500[0m
Detecting locale EN
[0;32;49mCompleted 404 Not Found in 0.5ms

[0m
[0;97;49mStarted GET "/img/small/s8.jpg" at 2015-04-01 17:31:53 -0500[0m
Detecting locale EN
[0;32;49mCompleted 404 Not Found in 0.5ms

[0m
[0;97;49mStarted GET "/font/fontawesome-webfont.woff" at 2015-04-01 17:31:53 -0500[0m
[0;97;49mStarted GET "/img/red_ribbon.png" at 2015-04-01 17:31:53 -0500[0m
Detecting locale EN
[0;97;49mStarted GET "/img/zoom.png" at 2015-04-01 17:31:53 -0500[0m
[0;97;49mStarted GET "/video/ny.jpg" at 2015-04-01 17:31:53 -0500[0m
Detecting locale EN
[0;32;49mCompleted 404 Not Found in 3.3ms

[0m
Detecting locale EN
Detecting locale EN
[0;32;49mCompleted 404 Not Found in 3.8ms

[0m
[0;32;49mCompleted 404 Not Found in 4.1ms

[0m
[0;32;49mCompleted 404 Not Found in 4.1ms

[0m
[0;97;49mStarted GET "/font/fontawesome-webfont.ttf" at 2015-04-01 17:31:53 -0500[0m
Detecting locale EN
[0;32;49mCompleted 404 Not Found in 2.4ms

[0m
* Reloaded "pages", "snippets" at 2015-04-01 17:32:15 -0500
* Reloaded "pages", "snippets" at 2015-04-01 17:33:06 -0500
