# Logfile created on 2015-03-25 22:14:02 -0500 by logger.rb/44203
I, [2015-03-25T22:14:02.250640 #1815]  INFO -- : 0:  RedCloth (4.2.9) from /Users/brennan/.rvm/rubies/ruby-2.1.0/lib/ruby/gems/2.1.0/specifications/RedCloth-4.2.9.gemspec
I, [2015-03-25T22:14:02.250940 #1815]  INFO -- : 0:  i18n (0.6.11) from /Users/brennan/.rvm/rubies/ruby-2.1.0/lib/ruby/gems/2.1.0/specifications/i18n-0.6.11.gemspec
I, [2015-03-25T22:14:02.251230 #1815]  INFO -- : 0:  multi_json (1.8.4) from /Users/brennan/.rvm/rubies/ruby-2.1.0/lib/ruby/gems/2.1.0/specifications/multi_json-1.8.4.gemspec
I, [2015-03-25T22:14:02.251492 #1815]  INFO -- : 0:  activesupport (3.2.21) from /Users/brennan/.rvm/rubies/ruby-2.1.0/lib/ruby/gems/2.1.0/specifications/activesupport-3.2.21.gemspec
I, [2015-03-25T22:14:02.251757 #1815]  INFO -- : 0:  coderay (1.1.0) from /Users/brennan/.rvm/rubies/ruby-2.1.0/lib/ruby/gems/2.1.0/specifications/coderay-1.1.0.gemspec
I, [2015-03-25T22:14:02.252007 #1815]  INFO -- : 0:  erubis (2.7.0) from /Users/brennan/.rvm/rubies/ruby-2.1.0/lib/ruby/gems/2.1.0/specifications/erubis-2.7.0.gemspec
I, [2015-03-25T22:14:02.252253 #1815]  INFO -- : 0:  better_errors (1.0.1) from /Users/brennan/.rvm/rubies/ruby-2.1.0/lib/ruby/gems/2.1.0/specifications/better_errors-1.0.1.gemspec
I, [2015-03-25T22:14:02.252508 #1815]  INFO -- : 0:  hitimes (1.2.2) from /Users/brennan/.rvm/rubies/ruby-2.1.0/lib/ruby/gems/2.1.0/specifications/hitimes-1.2.2.gemspec
I, [2015-03-25T22:14:02.252768 #1815]  INFO -- : 0:  timers (4.0.1) from /Users/brennan/.rvm/rubies/ruby-2.1.0/lib/ruby/gems/2.1.0/specifications/timers-4.0.1.gemspec
I, [2015-03-25T22:14:02.253019 #1815]  INFO -- : 0:  celluloid (0.16.0) from /Users/brennan/.rvm/rubies/ruby-2.1.0/lib/ruby/gems/2.1.0/specifications/celluloid-0.16.0.gemspec
I, [2015-03-25T22:14:02.253268 #1815]  INFO -- : 0:  chronic (0.10.2) from /Users/brennan/.rvm/rubies/ruby-2.1.0/lib/ruby/gems/2.1.0/specifications/chronic-0.10.2.gemspec
I, [2015-03-25T22:14:02.253506 #1815]  INFO -- : 0:  chunky_png (1.3.4) from /Users/brennan/.rvm/rubies/ruby-2.1.0/lib/ruby/gems/2.1.0/specifications/chunky_png-1.3.4.gemspec
I, [2015-03-25T22:14:02.253795 #1815]  INFO -- : 0:  coffee-script-source (1.9.1) from /Users/brennan/.rvm/rubies/ruby-2.1.0/lib/ruby/gems/2.1.0/specifications/coffee-script-source-1.9.1.gemspec
I, [2015-03-25T22:14:02.254039 #1815]  INFO -- : 0:  execjs (2.4.0) from /Users/brennan/.rvm/rubies/ruby-2.1.0/lib/ruby/gems/2.1.0/specifications/execjs-2.4.0.gemspec
I, [2015-03-25T22:14:02.254290 #1815]  INFO -- : 0:  coffee-script (2.2.0) from /Users/brennan/.rvm/rubies/ruby-2.1.0/lib/ruby/gems/2.1.0/specifications/coffee-script-2.2.0.gemspec
I, [2015-03-25T22:14:02.254525 #1815]  INFO -- : 0:  colorize (0.5.8) from /Users/brennan/.rvm/rubies/ruby-2.1.0/lib/ruby/gems/2.1.0/specifications/colorize-0.5.8.gemspec
I, [2015-03-25T22:14:02.254756 #1815]  INFO -- : 0:  commonjs (0.2.7) from /Users/brennan/.rvm/rubies/ruby-2.1.0/lib/ruby/gems/2.1.0/specifications/commonjs-0.2.7.gemspec
I, [2015-03-25T22:14:02.254969 #1815]  INFO -- : 0:  sass (3.4.13) from /Users/brennan/.rvm/rubies/ruby-2.1.0/lib/ruby/gems/2.1.0/specifications/sass-3.4.13.gemspec
I, [2015-03-25T22:14:02.255158 #1815]  INFO -- : 0:  compass-core (1.0.3) from /Users/brennan/.rvm/rubies/ruby-2.1.0/lib/ruby/gems/2.1.0/specifications/compass-core-1.0.3.gemspec
I, [2015-03-25T22:14:02.255365 #1815]  INFO -- : 0:  compass-import-once (1.0.5) from /Users/brennan/.rvm/rubies/ruby-2.1.0/lib/ruby/gems/2.1.0/specifications/compass-import-once-1.0.5.gemspec
I, [2015-03-25T22:14:02.255560 #1815]  INFO -- : 0:  rb-fsevent (0.9.4) from /Users/brennan/.rvm/rubies/ruby-2.1.0/lib/ruby/gems/2.1.0/specifications/rb-fsevent-0.9.4.gemspec
I, [2015-03-25T22:14:02.255745 #1815]  INFO -- : 0:  ffi (1.9.8) from /Users/brennan/.rvm/rubies/ruby-2.1.0/lib/ruby/gems/2.1.0/specifications/ffi-1.9.8.gemspec
I, [2015-03-25T22:14:02.255949 #1815]  INFO -- : 0:  rb-inotify (0.9.5) from /Users/brennan/.rvm/rubies/ruby-2.1.0/lib/ruby/gems/2.1.0/specifications/rb-inotify-0.9.5.gemspec
I, [2015-03-25T22:14:02.256154 #1815]  INFO -- : 0:  compass (1.0.3) from /Users/brennan/.rvm/rubies/ruby-2.1.0/lib/ruby/gems/2.1.0/specifications/compass-1.0.3.gemspec
I, [2015-03-25T22:14:02.256356 #1815]  INFO -- : 0:  daemons (1.2.2) from /Users/brennan/.rvm/rubies/ruby-2.1.0/lib/ruby/gems/2.1.0/specifications/daemons-1.2.2.gemspec
I, [2015-03-25T22:14:02.256569 #1815]  INFO -- : 0:  rack (1.6.0) from /Users/brennan/.rvm/rubies/ruby-2.1.0/lib/ruby/gems/2.1.0/specifications/rack-1.6.0.gemspec
I, [2015-03-25T22:14:02.256767 #1815]  INFO -- : 0:  dragonfly (0.9.15) from /Users/brennan/.rvm/rubies/ruby-2.1.0/lib/ruby/gems/2.1.0/specifications/dragonfly-0.9.15.gemspec
I, [2015-03-25T22:14:02.256965 #1815]  INFO -- : 0:  eventmachine (1.0.7) from /Users/brennan/.rvm/rubies/ruby-2.1.0/lib/ruby/gems/2.1.0/specifications/eventmachine-1.0.7.gemspec
I, [2015-03-25T22:14:02.257157 #1815]  INFO -- : 0:  faker (0.9.5) from /Users/brennan/.rvm/rubies/ruby-2.1.0/lib/ruby/gems/2.1.0/specifications/faker-0.9.5.gemspec
I, [2015-03-25T22:14:02.257346 #1815]  INFO -- : 0:  tilt (1.4.1) from /Users/brennan/.rvm/rubies/ruby-2.1.0/lib/ruby/gems/2.1.0/specifications/tilt-1.4.1.gemspec
I, [2015-03-25T22:14:02.257552 #1815]  INFO -- : 0:  haml (4.0.6) from /Users/brennan/.rvm/rubies/ruby-2.1.0/lib/ruby/gems/2.1.0/specifications/haml-4.0.6.gemspec
I, [2015-03-25T22:14:02.257738 #1815]  INFO -- : 0:  hike (1.2.3) from /Users/brennan/.rvm/rubies/ruby-2.1.0/lib/ruby/gems/2.1.0/specifications/hike-1.2.3.gemspec
I, [2015-03-25T22:14:02.257953 #1815]  INFO -- : 0:  json (1.8.2) from /Users/brennan/.rvm/rubies/ruby-2.1.0/lib/ruby/gems/2.1.0/specifications/json-1.8.2.gemspec
I, [2015-03-25T22:14:02.258144 #1815]  INFO -- : 0:  multi_xml (0.5.5) from /Users/brennan/.rvm/rubies/ruby-2.1.0/lib/ruby/gems/2.1.0/specifications/multi_xml-0.5.5.gemspec
I, [2015-03-25T22:14:02.258341 #1815]  INFO -- : 0:  httparty (0.13.3) from /Users/brennan/.rvm/rubies/ruby-2.1.0/lib/ruby/gems/2.1.0/specifications/httparty-0.13.3.gemspec
I, [2015-03-25T22:14:02.258528 #1815]  INFO -- : 0:  multipart-post (2.0.0) from /Users/brennan/.rvm/rubies/ruby-2.1.0/lib/ruby/gems/2.1.0/specifications/multipart-post-2.0.0.gemspec
I, [2015-03-25T22:14:02.258736 #1815]  INFO -- : 0:  httmultiparty (0.3.10) from /Users/brennan/.rvm/rubies/ruby-2.1.0/lib/ruby/gems/2.1.0/specifications/httmultiparty-0.3.10.gemspec
I, [2015-03-25T22:14:02.258921 #1815]  INFO -- : 0:  less (2.2.2) from /Users/brennan/.rvm/rubies/ruby-2.1.0/lib/ruby/gems/2.1.0/specifications/less-2.2.2.gemspec
I, [2015-03-25T22:14:02.259118 #1815]  INFO -- : 0:  listen (2.7.12) from /Users/brennan/.rvm/rubies/ruby-2.1.0/lib/ruby/gems/2.1.0/specifications/listen-2.7.12.gemspec
I, [2015-03-25T22:14:02.259309 #1815]  INFO -- : 0:  locomotivecms-liquid (2.6.0) from /Users/brennan/.rvm/rubies/ruby-2.1.0/lib/ruby/gems/2.1.0/specifications/locomotivecms-liquid-2.6.0.gemspec
I, [2015-03-25T22:14:02.259514 #1815]  INFO -- : 0:  locomotivecms-solid (0.2.2.1) from /Users/brennan/.rvm/rubies/ruby-2.1.0/lib/ruby/gems/2.1.0/specifications/locomotivecms-solid-0.2.2.1.gemspec
I, [2015-03-25T22:14:02.259703 #1815]  INFO -- : 0:  logger (1.2.8) from /Users/brennan/.rvm/rubies/ruby-2.1.0/lib/ruby/gems/2.1.0/specifications/logger-1.2.8.gemspec
I, [2015-03-25T22:14:02.259894 #1815]  INFO -- : 0:  mime-types (1.25.1) from /Users/brennan/.rvm/rubies/ruby-2.1.0/lib/ruby/gems/2.1.0/specifications/mime-types-1.25.1.gemspec
I, [2015-03-25T22:14:02.260087 #1815]  INFO -- : 0:  sprockets (2.12.3) from /Users/brennan/.rvm/rubies/ruby-2.1.0/lib/ruby/gems/2.1.0/specifications/sprockets-2.12.3.gemspec
I, [2015-03-25T22:14:02.260293 #1815]  INFO -- : 0:  sprockets-sass (1.2.0) from /Users/brennan/.rvm/rubies/ruby-2.1.0/lib/ruby/gems/2.1.0/specifications/sprockets-sass-1.2.0.gemspec
I, [2015-03-25T22:14:02.260472 #1815]  INFO -- : 0:  stringex (2.0.11) from /Users/brennan/.rvm/rubies/ruby-2.1.0/lib/ruby/gems/2.1.0/specifications/stringex-2.0.11.gemspec
I, [2015-03-25T22:14:02.260779 #1815]  INFO -- : 0:  tzinfo (0.3.43) from /Users/brennan/.rvm/rubies/ruby-2.1.0/lib/ruby/gems/2.1.0/specifications/tzinfo-0.3.43.gemspec
I, [2015-03-25T22:14:02.261031 #1815]  INFO -- : 0:  yui-compressor (0.12.0) from /Users/brennan/.rvm/rubies/ruby-2.1.0/lib/ruby/gems/2.1.0/specifications/yui-compressor-0.12.0.gemspec
I, [2015-03-25T22:14:02.261324 #1815]  INFO -- : 0:  zip (2.0.2) from /Users/brennan/.rvm/rubies/ruby-2.1.0/lib/ruby/gems/2.1.0/specifications/zip-2.0.2.gemspec
I, [2015-03-25T22:14:02.261556 #1815]  INFO -- : 0:  locomotivecms_mounter (1.5.2) from /Users/brennan/.rvm/rubies/ruby-2.1.0/lib/ruby/gems/2.1.0/specifications/locomotivecms_mounter-1.5.2.gemspec
I, [2015-03-25T22:14:02.261778 #1815]  INFO -- : 0:  netrc (0.7.9) from /Users/brennan/.rvm/rubies/ruby-2.1.0/lib/ruby/gems/2.1.0/specifications/netrc-0.7.9.gemspec
I, [2015-03-25T22:14:02.262035 #1815]  INFO -- : 0:  rack-cache (1.2) from /Users/brennan/.rvm/rubies/ruby-2.1.0/lib/ruby/gems/2.1.0/specifications/rack-cache-1.2.gemspec
I, [2015-03-25T22:14:02.262260 #1815]  INFO -- : 0:  rack-livereload (0.3.15) from /Users/brennan/.rvm/rubies/ruby-2.1.0/lib/ruby/gems/2.1.0/specifications/rack-livereload-0.3.15.gemspec
I, [2015-03-25T22:14:02.262488 #1815]  INFO -- : 0:  redcarpet (3.0.0) from /Users/brennan/.rvm/rubies/ruby-2.1.0/lib/ruby/gems/2.1.0/specifications/redcarpet-3.0.0.gemspec
I, [2015-03-25T22:14:02.262716 #1815]  INFO -- : 0:  rubyzip (1.1.7) from /Users/brennan/.rvm/rubies/ruby-2.1.0/lib/ruby/gems/2.1.0/specifications/rubyzip-1.1.7.gemspec
I, [2015-03-25T22:14:02.262962 #1815]  INFO -- : 0:  thin (1.6.3) from /Users/brennan/.rvm/rubies/ruby-2.1.0/lib/ruby/gems/2.1.0/specifications/thin-1.6.3.gemspec
I, [2015-03-25T22:14:02.263169 #1815]  INFO -- : 0:  thor (0.19.1) from /Users/brennan/.rvm/rubies/ruby-2.1.0/lib/ruby/gems/2.1.0/specifications/thor-0.19.1.gemspec
I, [2015-03-25T22:14:02.263354 #1815]  INFO -- : 0:  will_paginate (3.0.7) from /Users/brennan/.rvm/rubies/ruby-2.1.0/lib/ruby/gems/2.1.0/specifications/will_paginate-3.0.7.gemspec
I, [2015-03-25T22:14:02.263572 #1815]  INFO -- : 0:  locomotivecms_wagon (1.5.3) from /Users/brennan/.rvm/rubies/ruby-2.1.0/lib/ruby/gems/2.1.0/specifications/locomotivecms_wagon-1.5.3.gemspec
I, [2015-03-25T22:14:02.263789 #1815]  INFO -- : 0:  wdm (0.1.0) from /Users/brennan/.rvm/rubies/ruby-2.1.0/lib/ruby/gems/2.1.0/specifications/wdm-0.1.0.gemspec
I, [2015-03-25T22:14:02.263983 #1815]  INFO -- : 0:  bundler (1.5.1) from /Users/brennan/.rvm/rubies/ruby-2.1.0/lib/ruby/gems/2.1.0/specifications/bundler-1.5.1.gemspec
